<?xml version="1.0" encoding="UTF-8"?>
<testsuite name="ru.stqa.ptf.sandbox.SquareTests" tests="1" skipped="0" failures="0" errors="0" timestamp="2019-09-05T15:39:08" hostname="G-SHAREEVA" time="0.018">
  <properties/>
  <testcase name="testArea" classname="ru.stqa.ptf.sandbox.SquareTests" time="0.018"/>
  <system-out><![CDATA[]]></system-out>
  <system-err><![CDATA[]]></system-err>
</testsuite>
